<?xml version="1.0" encoding="UTF-8"?>
<!-- Generated by org.testng.reporters.JUnitReportReporter -->
<testsuite hostname="DESKTOP-T6R3T2N" failures="0" tests="4" name="com.eNetBanking.testCases.TC_LoginDDT_002" time="2.340" errors="1" timestamp="18 Sep 2023 06:25:12 GMT" skipped="3">
  <testcase classname="com.eNetBanking.testCases.TC_LoginDDT_002" name="setUp" time="2.340">
    <error message="session not created
from no such execution context: uniqueContextId not found
  (Session info: chrome=116.0.5845.188)
Build info: version: &#039;3.141.59&#039;, revision: &#039;e82be7d358&#039;, time: &#039;2018-11-14T08:17:03&#039;
System info: host: &#039;DESKTOP-T6R3T2N&#039;, ip: &#039;192.168.166.147&#039;, os.name: &#039;Windows 10&#039;, os.arch: &#039;amd64&#039;, os.version: &#039;10.0&#039;, java.version: &#039;17.0.8.1&#039;
Driver info: driver.version: ChromeDriver
remote stacktrace: 	GetHandleVerifier [0x00007FF6C64452A2+57122]
	(No symbol) [0x00007FF6C63BEA92]
	(No symbol) [0x00007FF6C628E3AB]
	(No symbol) [0x00007FF6C627C6E6]
	(No symbol) [0x00007FF6C627AA3B]
	(No symbol) [0x00007FF6C627B31E]
	(No symbol) [0x00007FF6C6291FE7]
	(No symbol) [0x00007FF6C6293D2F]
	(No symbol) [0x00007FF6C6293E20]
	(No symbol) [0x00007FF6C62EFF28]
	(No symbol) [0x00007FF6C62EE5B0]
	(No symbol) [0x00007FF6C62E6DB3]
	(No symbol) [0x00007FF6C62BD2B1]
	(No symbol) [0x00007FF6C62BE494]
	GetHandleVerifier [0x00007FF6C66EEF82+2849794]
	GetHandleVerifier [0x00007FF6C6741D24+3189156]
	GetHandleVerifier [0x00007FF6C673ACAF+3160367]
	GetHandleVerifier [0x00007FF6C64D6D06+653702]
	(No symbol) [0x00007FF6C63CA208]
	(No symbol) [0x00007FF6C63C62C4]
	(No symbol) [0x00007FF6C63C63F6]
	(No symbol) [0x00007FF6C63B67A3]
	BaseThreadInitThunk [0x00007FFDD24E7614+20]
	RtlUserThreadStart [0x00007FFDD2B226B1+33]
" type="org.openqa.selenium.SessionNotCreatedException">
      <![CDATA[org.openqa.selenium.SessionNotCreatedException: session not created
from no such execution context: uniqueContextId not found
  (Session info: chrome=116.0.5845.188)
Build info: version: '3.141.59', revision: 'e82be7d358', time: '2018-11-14T08:17:03'
System info: host: 'DESKTOP-T6R3T2N', ip: '192.168.166.147', os.name: 'Windows 10', os.arch: 'amd64', os.version: '10.0', java.version: '17.0.8.1'
Driver info: driver.version: ChromeDriver
remote stacktrace: GetHandleVerifier [0x00007FF6C64452A2+57122]
(No symbol) [0x00007FF6C63BEA92]
(No symbol) [0x00007FF6C628E3AB]
(No symbol) [0x00007FF6C627C6E6]
(No symbol) [0x00007FF6C627AA3B]
(No symbol) [0x00007FF6C627B31E]
(No symbol) [0x00007FF6C6291FE7]
(No symbol) [0x00007FF6C6293D2F]
(No symbol) [0x00007FF6C6293E20]
(No symbol) [0x00007FF6C62EFF28]
(No symbol) [0x00007FF6C62EE5B0]
(No symbol) [0x00007FF6C62E6DB3]
(No symbol) [0x00007FF6C62BD2B1]
(No symbol) [0x00007FF6C62BE494]
GetHandleVerifier [0x00007FF6C66EEF82+2849794]
GetHandleVerifier [0x00007FF6C6741D24+3189156]
GetHandleVerifier [0x00007FF6C673ACAF+3160367]
GetHandleVerifier [0x00007FF6C64D6D06+653702]
(No symbol) [0x00007FF6C63CA208]
(No symbol) [0x00007FF6C63C62C4]
(No symbol) [0x00007FF6C63C63F6]
(No symbol) [0x00007FF6C63B67A3]
BaseThreadInitThunk [0x00007FFDD24E7614+20]
RtlUserThreadStart [0x00007FFDD2B226B1+33]

at java.base/jdk.internal.reflect.NativeConstructorAccessorImpl.newInstance0(Native Method)
at java.base/jdk.internal.reflect.NativeConstructorAccessorImpl.newInstance(NativeConstructorAccessorImpl.java:77)
at java.base/jdk.internal.reflect.DelegatingConstructorAccessorImpl.newInstance(DelegatingConstructorAccessorImpl.java:45)
at java.base/java.lang.reflect.Constructor.newInstanceWithCaller(Constructor.java:499)
at java.base/java.lang.reflect.Constructor.newInstance(Constructor.java:480)
at org.openqa.selenium.remote.W3CHandshakeResponse.lambda$errorHandler$0(W3CHandshakeResponse.java:62)
at org.openqa.selenium.remote.HandshakeResponse.lambda$getResponseFunction$0(HandshakeResponse.java:30)
at org.openqa.selenium.remote.ProtocolHandshake.lambda$createSession$0(ProtocolHandshake.java:126)
at java.base/java.util.stream.ReferencePipeline$3$1.accept(ReferencePipeline.java:197)
at java.base/java.util.Spliterators$ArraySpliterator.tryAdvance(Spliterators.java:1002)
at java.base/java.util.stream.ReferencePipeline.forEachWithCancel(ReferencePipeline.java:129)
at java.base/java.util.stream.AbstractPipeline.copyIntoWithCancel(AbstractPipeline.java:527)
at java.base/java.util.stream.AbstractPipeline.copyInto(AbstractPipeline.java:513)
at java.base/java.util.stream.AbstractPipeline.wrapAndCopyInto(AbstractPipeline.java:499)
at java.base/java.util.stream.FindOps$FindOp.evaluateSequential(FindOps.java:150)
at java.base/java.util.stream.AbstractPipeline.evaluate(AbstractPipeline.java:234)
at java.base/java.util.stream.ReferencePipeline.findFirst(ReferencePipeline.java:647)
at org.openqa.selenium.remote.ProtocolHandshake.createSession(ProtocolHandshake.java:128)
at org.openqa.selenium.remote.ProtocolHandshake.createSession(ProtocolHandshake.java:74)
at org.openqa.selenium.remote.HttpCommandExecutor.execute(HttpCommandExecutor.java:136)
at org.openqa.selenium.remote.service.DriverCommandExecutor.execute(DriverCommandExecutor.java:83)
at org.openqa.selenium.remote.RemoteWebDriver.execute(RemoteWebDriver.java:552)
at org.openqa.selenium.remote.RemoteWebDriver.startSession(RemoteWebDriver.java:213)
at org.openqa.selenium.remote.RemoteWebDriver.<init>(RemoteWebDriver.java:131)
at org.openqa.selenium.chrome.ChromeDriver.<init>(ChromeDriver.java:181)
at org.openqa.selenium.chrome.ChromeDriver.<init>(ChromeDriver.java:168)
at org.openqa.selenium.chrome.ChromeDriver.<init>(ChromeDriver.java:123)
at com.eNetBanking.testCases.BaseClass.setUp(BaseClass.java:34)
at java.base/jdk.internal.reflect.NativeMethodAccessorImpl.invoke0(Native Method)
at java.base/jdk.internal.reflect.NativeMethodAccessorImpl.invoke(NativeMethodAccessorImpl.java:77)
at java.base/jdk.internal.reflect.DelegatingMethodAccessorImpl.invoke(DelegatingMethodAccessorImpl.java:43)
at java.base/java.lang.reflect.Method.invoke(Method.java:568)
at org.testng.internal.MethodInvocationHelper.invokeMethod(MethodInvocationHelper.java:124)
at org.testng.internal.MethodInvocationHelper.invokeMethodConsideringTimeout(MethodInvocationHelper.java:59)
at org.testng.internal.Invoker.invokeConfigurationMethod(Invoker.java:458)
at org.testng.internal.Invoker.invokeConfigurations(Invoker.java:222)
at org.testng.internal.Invoker.invokeConfigurations(Invoker.java:142)
at org.testng.internal.TestMethodWorker.invokeBeforeClassMethods(TestMethodWorker.java:168)
at org.testng.internal.TestMethodWorker.run(TestMethodWorker.java:105)
at org.testng.TestRunner.privateRun(TestRunner.java:648)
at org.testng.TestRunner.run(TestRunner.java:505)
at org.testng.SuiteRunner.runTest(SuiteRunner.java:455)
at org.testng.SuiteRunner.runSequentially(SuiteRunner.java:450)
at org.testng.SuiteRunner.privateRun(SuiteRunner.java:415)
at org.testng.SuiteRunner.run(SuiteRunner.java:364)
at org.testng.SuiteRunnerWorker.runSuite(SuiteRunnerWorker.java:52)
at org.testng.SuiteRunnerWorker.run(SuiteRunnerWorker.java:84)
at org.testng.TestNG.runSuitesSequentially(TestNG.java:1208)
at org.testng.TestNG.runSuitesLocally(TestNG.java:1137)
at org.testng.TestNG.runSuites(TestNG.java:1049)
at org.testng.TestNG.run(TestNG.java:1017)
at org.testng.remote.AbstractRemoteTestNG.run(AbstractRemoteTestNG.java:115)
at org.testng.remote.RemoteTestNG.initAndRun(RemoteTestNG.java:251)
at org.testng.remote.RemoteTestNG.main(RemoteTestNG.java:77)
]]>
    </error>
  </testcase> <!-- setUp -->
  <testcase classname="com.eNetBanking.testCases.TC_LoginDDT_002" name="loginDDT" time="0.000">
    <skipped/>
  </testcase> <!-- loginDDT -->
  <testcase classname="com.eNetBanking.testCases.TC_LoginDDT_002" name="loginDDT" time="0.000">
    <skipped/>
  </testcase> <!-- loginDDT -->
  <testcase classname="com.eNetBanking.testCases.TC_LoginDDT_002" name="loginDDT" time="0.000">
    <skipped/>
  </testcase> <!-- loginDDT -->
</testsuite> <!-- com.eNetBanking.testCases.TC_LoginDDT_002 -->
